0 info it worked if it ends with ok
1 verbose cli [ '/Users/matt/.nvm/versions/node/v7.4.0/bin/node',
1 verbose cli   '/Users/matt/.nvm/versions/node/v7.4.0/bin/npm',
1 verbose cli   'start' ]
2 info using npm@4.0.5
3 info using node@v7.4.0
4 verbose run-script [ 'prestart', 'start', 'poststart' ]
5 info lifecycle blogs-app@1.0.0~prestart: blogs-app@1.0.0
6 silly lifecycle blogs-app@1.0.0~prestart: no script for prestart, continuing
7 info lifecycle blogs-app@1.0.0~start: blogs-app@1.0.0
8 verbose lifecycle blogs-app@1.0.0~start: unsafe-perm in lifecycle true
9 verbose lifecycle blogs-app@1.0.0~start: PATH: /Users/matt/.nvm/versions/node/v7.4.0/lib/node_modules/npm/bin/node-gyp-bin:/Users/matt/Desktop/thinkful_projects/blogs-app/node_modules/.bin:/Users/matt/bin:/usr/local/bin:/usr/bin:/bin:/usr/sbin:/sbin:/Users/matt/.nvm/versions/node/v7.4.0/bin
10 verbose lifecycle blogs-app@1.0.0~start: CWD: /Users/matt/Desktop/thinkful_projects/blogs-app
11 silly lifecycle blogs-app@1.0.0~start: Args: [ '-c', 'node server.js' ]
12 silly lifecycle blogs-app@1.0.0~start: Returned: code: 1  signal: null
13 info lifecycle blogs-app@1.0.0~start: Failed to exec start script
14 verbose stack Error: blogs-app@1.0.0 start: `node server.js`
14 verbose stack Exit status 1
14 verbose stack     at EventEmitter.<anonymous> (/Users/matt/.nvm/versions/node/v7.4.0/lib/node_modules/npm/lib/utils/lifecycle.js:279:16)
14 verbose stack     at emitTwo (events.js:106:13)
14 verbose stack     at EventEmitter.emit (events.js:191:7)
14 verbose stack     at ChildProcess.<anonymous> (/Users/matt/.nvm/versions/node/v7.4.0/lib/node_modules/npm/lib/utils/spawn.js:40:14)
14 verbose stack     at emitTwo (events.js:106:13)
14 verbose stack     at ChildProcess.emit (events.js:191:7)
14 verbose stack     at maybeClose (internal/child_process.js:885:16)
14 verbose stack     at Process.ChildProcess._handle.onexit (internal/child_process.js:226:5)
15 verbose pkgid blogs-app@1.0.0
16 verbose cwd /Users/matt/Desktop/thinkful_projects/blogs-app
17 error Darwin 16.3.0
18 error argv "/Users/matt/.nvm/versions/node/v7.4.0/bin/node" "/Users/matt/.nvm/versions/node/v7.4.0/bin/npm" "start"
19 error node v7.4.0
20 error npm  v4.0.5
21 error code ELIFECYCLE
22 error blogs-app@1.0.0 start: `node server.js`
22 error Exit status 1
23 error Failed at the blogs-app@1.0.0 start script 'node server.js'.
23 error Make sure you have the latest version of node.js and npm installed.
23 error If you do, this is most likely a problem with the blogs-app package,
23 error not with npm itself.
23 error Tell the author that this fails on your system:
23 error     node server.js
23 error You can get information on how to open an issue for this project with:
23 error     npm bugs blogs-app
23 error Or if that isn't available, you can get their info via:
23 error     npm owner ls blogs-app
23 error There is likely additional logging output above.
24 verbose exit [ 1, true ]
